Using pre-set license
Built from '2020.2/release' branch; Version is '2020.2.2f1 (068178b99f32) revision 426360'; Using compiler version '192528614'; Build Type 'Release'
OS: 'Windows 10 Home; OS build 19041.928; Version 2004; 64bit' Language: 'ko' Physical Memory: 16305 MB
BatchMode: 1, IsHumanControllingUs: 0, StartBugReporterOnCrash: 0, Is64bit: 1, IsPro: 0

 COMMAND LINE ARGUMENTS:
C:\Users\soran\OneDrive\바탕 화면\Unity\2020.2.2f1\Editor\Unity.exe
-adb2
-batchMode
-noUpm
-name
AssetImportWorker0
-projectPath
D:/Unity_JungSuBin/2Dgame_9weeks
-logFile
Logs/AssetImportWorker0.log
-srvPort
58632
Successfully changed project path to: D:/Unity_JungSuBin/2Dgame_9weeks
D:/Unity_JungSuBin/2Dgame_9weeks
Using Asset Import Pipeline V2.
Refreshing native plugins compatible for Editor in 42.59 ms, found 2 plugins.
Preloading 0 native plugins for Editor in 0.00 ms.
Initialize engine version: 2020.2.2f1 (068178b99f32)
[Subsystems] Discovering subsystems at path C:/Users/soran/OneDrive/바탕 화면/Unity/2020.2.2f1/Editor/Data/Resources/UnitySubsystems
[Subsystems] Discovering subsystems at path D:/Unity_JungSuBin/2Dgame_9weeks/Assets
GfxDevice: creating device client; threaded=0
Direct3D:
    Version:  Direct3D 11.0 [level 11.1]
    Renderer: NVIDIA GeForce GTX 1060 (ID=0x1c60)
    Vendor:   
    VRAM:     6052 MB
    Driver:   24.21.13.9889
Initialize mono
Mono path[0] = 'C:/Users/soran/OneDrive/바탕 화면/Unity/2020.2.2f1/Editor/Data/Managed'
Mono path[1] = 'C:/Users/soran/OneDrive/바탕 화면/Unity/2020.2.2f1/Editor/Data/MonoBleedingEdge/lib/mono/unityjit'
Mono config path = 'C:/Users/soran/OneDrive/바탕 화면/Unity/2020.2.2f1/Editor/Data/MonoBleedingEdge/etc'
Using monoOptions --debugger-agent=transport=dt_socket,embedding=1,server=y,suspend=n,address=127.0.0.1:56572
Begin MonoManager ReloadAssembly
Registering precompiled unity dll's ...
Register platform support module: C:/Users/soran/OneDrive/바탕 화면/Unity/2020.2.2f1/Editor/Data/PlaybackEngines/WindowsStandaloneSupport/UnityEditor.WindowsStandalone.Extensions.dll
Registered in 0.003711 seconds.
Native extension for WindowsStandalone target not found
Refreshing native plugins compatible for Editor in 43.64 ms, found 2 plugins.
Preloading 0 native plugins for Editor in 0.00 ms.
Invoked RoslynAnalysisRunner static constructor.
RoslynAnalysisRunner will not be running.
RoslynAnalysisRunner has terminated.
Mono: successfully reloaded assembly
- Completed reload, in  2.545 seconds
Platform modules already initialized, skipping
Registering precompiled user dll's ...
Registered in 0.008510 seconds.
Begin MonoManager ReloadAssembly
Native extension for WindowsStandalone target not found
Refreshing native plugins compatible for Editor in 46.85 ms, found 2 plugins.
Preloading 0 native plugins for Editor in 0.00 ms.
Invoked RoslynAnalysisRunner static constructor.
RoslynAnalysisRunner will not be running.
RoslynAnalysisRunner has terminated.
Mono: successfully reloaded assembly
- Completed reload, in  1.166 seconds
Platform modules already initialized, skipping
========================================================================
Worker process is ready to serve import requests
Launched and connected shader compiler UnityShaderCompiler.exe after 0.09 seconds
Refreshing native plugins compatible for Editor in 0.40 ms, found 2 plugins.
Preloading 0 native plugins for Editor in 0.00 ms.
Unloading 1809 Unused Serialized files (Serialized files now loaded: 0)
System memory in use before: 87.9 MB.
System memory in use after: 87.9 MB.

Unloading 40 unused Assets to reduce memory usage. Loaded Objects now: 2319.
Total: 2.674800 ms (FindLiveObjects: 0.245300 ms CreateObjectMapping: 0.114700 ms MarkObjects: 2.174800 ms  DeleteObjects: 0.138000 ms)

========================================================================
Received Import Request.
  path: Assets/Ani/Player.controller
  artifactKey: Guid(63b71f895e1e217498691f2a8f3c5ccb) Importer(815301076,1909f56bfc062723c751e8b465ee728b)
Start importing Assets/Ani/Player.controller using Guid(63b71f895e1e217498691f2a8f3c5ccb) Importer(815301076,1909f56bfc062723c751e8b465ee728b)  -> (artifact id: '4968b0433c0f7a689925c5258bf8cc37') in 0.044933 seconds
  Import took 0.047821 seconds .

========================================================================
Received Import Request.
  Time since last request: 47.562387 seconds.
  path: Assets/Art/player/player_jump
  artifactKey: Guid(008514ed87b13334eb6b1baf0de93dfa) Importer(815301076,1909f56bfc062723c751e8b465ee728b)
Start importing Assets/Art/player/player_jump using Guid(008514ed87b13334eb6b1baf0de93dfa) Importer(815301076,1909f56bfc062723c751e8b465ee728b)  -> (artifact id: '73a812b87ef38be66580b3c5db10b9a9') in 0.003084 seconds
  Import took 0.005878 seconds .

========================================================================
Received Import Request.
  Time since last request: 0.000527 seconds.
  path: Assets/Art/player/player_jump
  artifactKey: Guid(008514ed87b13334eb6b1baf0de93dfa) Importer(815301076,1909f56bfc062723c751e8b465ee728b)
Start importing Assets/Art/player/player_jump using Guid(008514ed87b13334eb6b1baf0de93dfa) Importer(815301076,1909f56bfc062723c751e8b465ee728b)  -> (artifact id: '73a812b87ef38be66580b3c5db10b9a9') in 0.003277 seconds
  Import took 0.006481 seconds .

========================================================================
Received Import Request.
  Time since last request: 0.050579 seconds.
  path: Assets/Art/player/player_jump/Anim_JUMP_01.png
  artifactKey: Guid(ffd137718b179e840b88aedfad65f7c4) Importer(815301076,1909f56bfc062723c751e8b465ee728b)
Start importing Assets/Art/player/player_jump/Anim_JUMP_01.png using Guid(ffd137718b179e840b88aedfad65f7c4) Importer(815301076,1909f56bfc062723c751e8b465ee728b)  -> (artifact id: '15630c93ab738aaa2c886448a8ced997') in 0.094909 seconds
  Import took 0.137056 seconds .

========================================================================
Received Import Request.
  Time since last request: 0.000314 seconds.
  path: Assets/Art/player/player_jump/Anim_JUMP_07.png
  artifactKey: Guid(c36caf5596838c749a8ac4ff0d2c8326) Importer(815301076,1909f56bfc062723c751e8b465ee728b)
Start importing Assets/Art/player/player_jump/Anim_JUMP_07.png using Guid(c36caf5596838c749a8ac4ff0d2c8326) Importer(815301076,1909f56bfc062723c751e8b465ee728b)  -> (artifact id: 'ce51747b25858847c2febc1e79dcfb96') in 0.024492 seconds
  Import took 0.026999 seconds .

========================================================================
Received Import Request.
  Time since last request: 0.000291 seconds.
  path: Assets/Art/player/player_jump/Anim_JUMP_02.png
  artifactKey: Guid(9fb792cf8eec19846a401847dc904ac1) Importer(815301076,1909f56bfc062723c751e8b465ee728b)
Start importing Assets/Art/player/player_jump/Anim_JUMP_02.png using Guid(9fb792cf8eec19846a401847dc904ac1) Importer(815301076,1909f56bfc062723c751e8b465ee728b)  -> (artifact id: 'ac704a2446d0223cdbc691b858a9505d') in 0.013139 seconds
  Import took 0.015937 seconds .

========================================================================
Received Import Request.
  Time since last request: 0.000330 seconds.
  path: Assets/Art/player/player_jump/Anim_JUMP_10.png
  artifactKey: Guid(0c0a8f654fe19f14e91f9191fa82be51) Importer(815301076,1909f56bfc062723c751e8b465ee728b)
Start importing Assets/Art/player/player_jump/Anim_JUMP_10.png using Guid(0c0a8f654fe19f14e91f9191fa82be51) Importer(815301076,1909f56bfc062723c751e8b465ee728b)  -> (artifact id: 'bb3dec431c70f6257ce027fc49cfdfd1') in 0.028021 seconds
  Import took 0.030876 seconds .

========================================================================
Received Import Request.
  Time since last request: 0.000301 seconds.
  path: Assets/Art/player/player_jump/Anim_JUMP_19.png
  artifactKey: Guid(52d4d63cc4558c74f8e8ca4162f0f0bb) Importer(815301076,1909f56bfc062723c751e8b465ee728b)
Start importing Assets/Art/player/player_jump/Anim_JUMP_19.png using Guid(52d4d63cc4558c74f8e8ca4162f0f0bb) Importer(815301076,1909f56bfc062723c751e8b465ee728b)  -> (artifact id: 'cc0d50ad8e619141a905bd02687daaa0') in 0.011486 seconds
  Import took 0.014164 seconds .

========================================================================
Received Import Request.
  Time since last request: 0.000247 seconds.
  path: Assets/Art/player/player_jump/Anim_JUMP_04.png
  artifactKey: Guid(d2d8cce48e626b241b3b153240f80ea7) Importer(815301076,1909f56bfc062723c751e8b465ee728b)
Start importing Assets/Art/player/player_jump/Anim_JUMP_04.png using Guid(d2d8cce48e626b241b3b153240f80ea7) Importer(815301076,1909f56bfc062723c751e8b465ee728b)  -> (artifact id: '3379cf58ea5f81899506cd5da0333f03') in 0.013590 seconds
  Import took 0.017056 seconds .

========================================================================
Received Import Request.
  Time since last request: 0.000375 seconds.
  path: Assets/Art/player/player_jump/Anim_JUMP_17.png
  artifactKey: Guid(a21042f11764ec34c967dfd91f2b9399) Importer(815301076,1909f56bfc062723c751e8b465ee728b)
Start importing Assets/Art/player/player_jump/Anim_JUMP_17.png using Guid(a21042f11764ec34c967dfd91f2b9399) Importer(815301076,1909f56bfc062723c751e8b465ee728b)  -> (artifact id: '743d1d023c9b2e59d2e3b1b184561ba6') in 0.012154 seconds
  Import took 0.015859 seconds .

========================================================================
Received Import Request.
  Time since last request: 0.000369 seconds.
  path: Assets/Art/player/player_jump/Anim_JUMP_08.png
  artifactKey: Guid(a7c0720e89fcfa24fa9f88e6cdc7b713) Importer(815301076,1909f56bfc062723c751e8b465ee728b)
Start importing Assets/Art/player/player_jump/Anim_JUMP_08.png using Guid(a7c0720e89fcfa24fa9f88e6cdc7b713) Importer(815301076,1909f56bfc062723c751e8b465ee728b)  -> (artifact id: '1ae9ed63968b160dc82025e33ec082a2') in 0.015086 seconds
  Import took 0.018166 seconds .

========================================================================
Received Import Request.
  Time since last request: 0.000297 seconds.
  path: Assets/Art/player/player_jump/Anim_JUMP_05.png
  artifactKey: Guid(f8e602f956b17a64d959bb7b4eace01d) Importer(815301076,1909f56bfc062723c751e8b465ee728b)
Start importing Assets/Art/player/player_jump/Anim_JUMP_05.png using Guid(f8e602f956b17a64d959bb7b4eace01d) Importer(815301076,1909f56bfc062723c751e8b465ee728b)  -> (artifact id: '98f06a4154a7c10734bdea5b5fecd5d0') in 0.013283 seconds
  Import took 0.016507 seconds .

========================================================================
Received Import Request.
  Time since last request: 0.000266 seconds.
  path: Assets/Art/player/player_jump/Anim_JUMP_13.png
  artifactKey: Guid(6933f5df270f2b444aaf61db198b0f06) Importer(815301076,1909f56bfc062723c751e8b465ee728b)
Start importing Assets/Art/player/player_jump/Anim_JUMP_13.png using Guid(6933f5df270f2b444aaf61db198b0f06) Importer(815301076,1909f56bfc062723c751e8b465ee728b)  -> (artifact id: '9a45973a1d4c971bbb859f6e2d9105eb') in 0.014190 seconds
  Import took 0.016893 seconds .

========================================================================
Received Import Request.
  Time since last request: 0.000317 seconds.
  path: Assets/Art/player/player_jump/Anim_JUMP_15.png
  artifactKey: Guid(b218aff84967e354e9a9e067327fbca9) Importer(815301076,1909f56bfc062723c751e8b465ee728b)
Start importing Assets/Art/player/player_jump/Anim_JUMP_15.png using Guid(b218aff84967e354e9a9e067327fbca9) Importer(815301076,1909f56bfc062723c751e8b465ee728b)  -> (artifact id: 'f42a8eb725519505274ac53a8a40bec8') in 0.010834 seconds
  Import took 0.013609 seconds .

========================================================================
Received Import Request.
  Time since last request: 0.000296 seconds.
  path: Assets/Art/player/player_jump/Anim_JUMP_18.png
  artifactKey: Guid(7fd994d6921f0ae43a06e9b6bd6a5d60) Importer(815301076,1909f56bfc062723c751e8b465ee728b)
Start importing Assets/Art/player/player_jump/Anim_JUMP_18.png using Guid(7fd994d6921f0ae43a06e9b6bd6a5d60) Importer(815301076,1909f56bfc062723c751e8b465ee728b)  -> (artifact id: 'f1a685ac85ce263e744ca0652faaa2d5') in 0.013463 seconds
  Import took 0.016398 seconds .

========================================================================
Received Import Request.
  Time since last request: 0.000320 seconds.
  path: Assets/Art/player/player_jump/Anim_JUMP_03.png
  artifactKey: Guid(008966f312d433b4cb6601e80bea08ef) Importer(815301076,1909f56bfc062723c751e8b465ee728b)
Start importing Assets/Art/player/player_jump/Anim_JUMP_03.png using Guid(008966f312d433b4cb6601e80bea08ef) Importer(815301076,1909f56bfc062723c751e8b465ee728b)  -> (artifact id: '6b36f359f31fda179ff8887934116786') in 0.017108 seconds
  Import took 0.019820 seconds .

========================================================================
Received Import Request.
  Time since last request: 0.000266 seconds.
  path: Assets/Art/player/player_jump/Anim_JUMP_18.png
  artifactKey: Guid(7fd994d6921f0ae43a06e9b6bd6a5d60) Importer(815301076,1909f56bfc062723c751e8b465ee728b)
Start importing Assets/Art/player/player_jump/Anim_JUMP_18.png using Guid(7fd994d6921f0ae43a06e9b6bd6a5d60) Importer(815301076,1909f56bfc062723c751e8b465ee728b)  -> (artifact id: 'f1a685ac85ce263e744ca0652faaa2d5') in 0.024485 seconds
  Import took 0.027142 seconds .

========================================================================
Received Import Request.
  Time since last request: 0.000274 seconds.
  path: Assets/Art/player/player_jump/Anim_JUMP_06.png
  artifactKey: Guid(57094033607c5b74e9ddf7827f78bbf1) Importer(815301076,1909f56bfc062723c751e8b465ee728b)
Start importing Assets/Art/player/player_jump/Anim_JUMP_06.png using Guid(57094033607c5b74e9ddf7827f78bbf1) Importer(815301076,1909f56bfc062723c751e8b465ee728b)  -> (artifact id: 'c3402d611fb678f7c53865a4bc8d57eb') in 0.010707 seconds
  Import took 0.013808 seconds .

========================================================================
Received Import Request.
  Time since last request: 0.000305 seconds.
  path: Assets/Art/player/player_jump/Anim_JUMP_09.png
  artifactKey: Guid(63f591820e2e29a428ed600a0e7e220e) Importer(815301076,1909f56bfc062723c751e8b465ee728b)
Start importing Assets/Art/player/player_jump/Anim_JUMP_09.png using Guid(63f591820e2e29a428ed600a0e7e220e) Importer(815301076,1909f56bfc062723c751e8b465ee728b)  -> (artifact id: 'ff279e1f52368a0b844b589d0715300d') in 0.011518 seconds
  Import took 0.014473 seconds .

========================================================================
Received Import Request.
  Time since last request: 0.000261 seconds.
  path: Assets/Art/player/player_jump/Anim_JUMP_11.png
  artifactKey: Guid(86f2cce7ee57caa4384804e8a96108c1) Importer(815301076,1909f56bfc062723c751e8b465ee728b)
Start importing Assets/Art/player/player_jump/Anim_JUMP_11.png using Guid(86f2cce7ee57caa4384804e8a96108c1) Importer(815301076,1909f56bfc062723c751e8b465ee728b)  -> (artifact id: 'a86df0844e368ab875686077cff88933') in 0.011968 seconds
  Import took 0.014730 seconds .

========================================================================
Received Import Request.
  Time since last request: 0.000315 seconds.
  path: Assets/Art/player/player_jump/Anim_JUMP_16.png
  artifactKey: Guid(ff8cb0ec6e2c6504e8f87b8fe3ab155b) Importer(815301076,1909f56bfc062723c751e8b465ee728b)
Start importing Assets/Art/player/player_jump/Anim_JUMP_16.png using Guid(ff8cb0ec6e2c6504e8f87b8fe3ab155b) Importer(815301076,1909f56bfc062723c751e8b465ee728b)  -> (artifact id: '19a76ef7b18ecd6064b0a71866ef0f05') in 0.012962 seconds
  Import took 0.015735 seconds .

========================================================================
Received Import Request.
  Time since last request: 0.000307 seconds.
  path: Assets/Art/player/player_jump/Anim_JUMP_14.png
  artifactKey: Guid(8c4aed03a73c1eb49a0d0d7613f36254) Importer(815301076,1909f56bfc062723c751e8b465ee728b)
Start importing Assets/Art/player/player_jump/Anim_JUMP_14.png using Guid(8c4aed03a73c1eb49a0d0d7613f36254) Importer(815301076,1909f56bfc062723c751e8b465ee728b)  -> (artifact id: '83324607fc502655b706e0bc32ac55a5') in 0.012234 seconds
  Import took 0.015358 seconds .

========================================================================
Received Import Request.
  Time since last request: 0.000297 seconds.
  path: Assets/Art/player/player_jump/Anim_JUMP_12.png
  artifactKey: Guid(55cafbdca9b22c54e8acc3ec53a157bc) Importer(815301076,1909f56bfc062723c751e8b465ee728b)
Start importing Assets/Art/player/player_jump/Anim_JUMP_12.png using Guid(55cafbdca9b22c54e8acc3ec53a157bc) Importer(815301076,1909f56bfc062723c751e8b465ee728b)  -> (artifact id: '15576e3e10de09151124216fa797d4d4') in 0.012251 seconds
  Import took 0.015501 seconds .

========================================================================
Received Import Request.
  Time since last request: 34.401296 seconds.
  path: Assets/Ani/Anim_JUMP_01.controller
  artifactKey: Guid(19cd358b3564e204b9f83ff2b9e0a172) Importer(815301076,1909f56bfc062723c751e8b465ee728b)
Start importing Assets/Ani/Anim_JUMP_01.controller using Guid(19cd358b3564e204b9f83ff2b9e0a172) Importer(815301076,1909f56bfc062723c751e8b465ee728b)  -> (artifact id: 'dd75dc7cef340fda42af64b793c75c13') in 0.004116 seconds
  Import took 0.007764 seconds .

========================================================================
Received Import Request.
  Time since last request: 333.206209 seconds.
  path: Assets/Ani/Player.controller
  artifactKey: Guid(63b71f895e1e217498691f2a8f3c5ccb) Importer(815301076,1909f56bfc062723c751e8b465ee728b)
Start importing Assets/Ani/Player.controller using Guid(63b71f895e1e217498691f2a8f3c5ccb) Importer(815301076,1909f56bfc062723c751e8b465ee728b)  -> (artifact id: '2ecc0a9975c8079d25945004e9d5227b') in 0.004822 seconds
  Import took 0.008220 seconds .

========================================================================
Received Prepare
Registering precompiled user dll's ...
Registered in 0.008627 seconds.
Begin MonoManager ReloadAssembly
Native extension for WindowsStandalone target not found
Refreshing native plugins compatible for Editor in 0.42 ms, found 2 plugins.
Preloading 0 native plugins for Editor in 0.00 ms.
Invoked RoslynAnalysisRunner static constructor.
RoslynAnalysisRunner will not be running.
RoslynAnalysisRunner has terminated.
Mono: successfully reloaded assembly
- Completed reload, in  1.062 seconds
Platform modules already initialized, skipping
Refreshing native plugins compatible for Editor in 0.87 ms, found 2 plugins.
Preloading 0 native plugins for Editor in 0.00 ms.
Unloading 1804 Unused Serialized files (Serialized files now loaded: 0)
System memory in use before: 91.0 MB.
System memory in use after: 91.0 MB.

Unloading 28 unused Assets to reduce memory usage. Loaded Objects now: 2328.
Total: 2.261200 ms (FindLiveObjects: 0.216200 ms CreateObjectMapping: 0.092800 ms MarkObjects: 1.854600 ms  DeleteObjects: 0.095400 ms)

========================================================================
Received Prepare
Registering precompiled user dll's ...
Registered in 0.008351 seconds.
Begin MonoManager ReloadAssembly
Native extension for WindowsStandalone target not found
Refreshing native plugins compatible for Editor in 0.43 ms, found 2 plugins.
Preloading 0 native plugins for Editor in 0.00 ms.
Invoked RoslynAnalysisRunner static constructor.
RoslynAnalysisRunner will not be running.
RoslynAnalysisRunner has terminated.
Mono: successfully reloaded assembly
- Completed reload, in  1.019 seconds
Platform modules already initialized, skipping
Refreshing native plugins compatible for Editor in 0.43 ms, found 2 plugins.
Preloading 0 native plugins for Editor in 0.00 ms.
Unloading 1804 Unused Serialized files (Serialized files now loaded: 0)
System memory in use before: 91.1 MB.
System memory in use after: 91.1 MB.

Unloading 28 unused Assets to reduce memory usage. Loaded Objects now: 2331.
Total: 2.254800 ms (FindLiveObjects: 0.205200 ms CreateObjectMapping: 0.087600 ms MarkObjects: 1.866600 ms  DeleteObjects: 0.093900 ms)

========================================================================
Received Import Request.
  Time since last request: 603.850880 seconds.
  path: ProjectSettings/TagManager.asset
  artifactKey: Guid(00000000000000003000000000000000) Importer(815301076,1909f56bfc062723c751e8b465ee728b)
Start importing ProjectSettings/TagManager.asset using Guid(00000000000000003000000000000000) Importer(815301076,1909f56bfc062723c751e8b465ee728b)  -> (artifact id: 'e8c3ab6b558fa7fe7c42e9a55a892947') in 0.018642 seconds
  Import took 0.040551 seconds .

========================================================================
Received Prepare
Registering precompiled user dll's ...
Registered in 0.011134 seconds.
Begin MonoManager ReloadAssembly
Native extension for WindowsStandalone target not found
Refreshing native plugins compatible for Editor in 0.47 ms, found 2 plugins.
Preloading 0 native plugins for Editor in 0.00 ms.
Invoked RoslynAnalysisRunner static constructor.
RoslynAnalysisRunner will not be running.
RoslynAnalysisRunner has terminated.
Mono: successfully reloaded assembly
- Completed reload, in  1.091 seconds
Platform modules already initialized, skipping
Refreshing native plugins compatible for Editor in 0.43 ms, found 2 plugins.
Preloading 0 native plugins for Editor in 0.00 ms.
Unloading 1804 Unused Serialized files (Serialized files now loaded: 0)
System memory in use before: 91.2 MB.
System memory in use after: 91.2 MB.

Unloading 29 unused Assets to reduce memory usage. Loaded Objects now: 2334.
Total: 2.653700 ms (FindLiveObjects: 0.221100 ms CreateObjectMapping: 0.075800 ms MarkObjects: 2.203000 ms  DeleteObjects: 0.151800 ms)

========================================================================
Received Prepare
Registering precompiled user dll's ...
Registered in 0.008445 seconds.
Begin MonoManager ReloadAssembly
Native extension for WindowsStandalone target not found
Refreshing native plugins compatible for Editor in 0.48 ms, found 2 plugins.
Preloading 0 native plugins for Editor in 0.00 ms.
Invoked RoslynAnalysisRunner static constructor.
RoslynAnalysisRunner will not be running.
RoslynAnalysisRunner has terminated.
Mono: successfully reloaded assembly
- Completed reload, in  1.062 seconds
Platform modules already initialized, skipping
Refreshing native plugins compatible for Editor in 0.49 ms, found 2 plugins.
Preloading 0 native plugins for Editor in 0.00 ms.
Unloading 1804 Unused Serialized files (Serialized files now loaded: 0)
System memory in use before: 91.3 MB.
System memory in use after: 91.3 MB.

Unloading 28 unused Assets to reduce memory usage. Loaded Objects now: 2337.
Total: 2.181700 ms (FindLiveObjects: 0.214200 ms CreateObjectMapping: 0.066200 ms MarkObjects: 1.792400 ms  DeleteObjects: 0.107400 ms)

========================================================================
Received Prepare
Registering precompiled user dll's ...
Registered in 0.008307 seconds.
Begin MonoManager ReloadAssembly
Native extension for WindowsStandalone target not found
Refreshing native plugins compatible for Editor in 0.43 ms, found 2 plugins.
Preloading 0 native plugins for Editor in 0.00 ms.
Invoked RoslynAnalysisRunner static constructor.
RoslynAnalysisRunner will not be running.
RoslynAnalysisRunner has terminated.
Mono: successfully reloaded assembly
- Completed reload, in  1.056 seconds
Platform modules already initialized, skipping
Refreshing native plugins compatible for Editor in 0.46 ms, found 2 plugins.
Preloading 0 native plugins for Editor in 0.00 ms.
Unloading 1804 Unused Serialized files (Serialized files now loaded: 0)
System memory in use before: 91.4 MB.
System memory in use after: 91.4 MB.

Unloading 28 unused Assets to reduce memory usage. Loaded Objects now: 2340.
Total: 1.947500 ms (FindLiveObjects: 0.273700 ms CreateObjectMapping: 0.095200 ms MarkObjects: 1.485000 ms  DeleteObjects: 0.092000 ms)

========================================================================
Received Prepare
Registering precompiled user dll's ...
Registered in 0.008189 seconds.
Begin MonoManager ReloadAssembly
Native extension for WindowsStandalone target not found
Refreshing native plugins compatible for Editor in 0.43 ms, found 2 plugins.
Preloading 0 native plugins for Editor in 0.00 ms.
Invoked RoslynAnalysisRunner static constructor.
RoslynAnalysisRunner will not be running.
RoslynAnalysisRunner has terminated.
Mono: successfully reloaded assembly
- Completed reload, in  1.044 seconds
Platform modules already initialized, skipping
Refreshing native plugins compatible for Editor in 0.50 ms, found 2 plugins.
Preloading 0 native plugins for Editor in 0.00 ms.
Unloading 1804 Unused Serialized files (Serialized files now loaded: 0)
System memory in use before: 91.4 MB.
System memory in use after: 91.4 MB.

Unloading 28 unused Assets to reduce memory usage. Loaded Objects now: 2343.
Total: 2.314900 ms (FindLiveObjects: 0.318100 ms CreateObjectMapping: 0.162100 ms MarkObjects: 1.732600 ms  DeleteObjects: 0.101000 ms)

========================================================================
Received Import Request.
  Time since last request: 2170.972278 seconds.
  path: Assets/Art/Bullet
  artifactKey: Guid(72730ff0dc5444649adafd97bd35466b) Importer(815301076,1909f56bfc062723c751e8b465ee728b)
Start importing Assets/Art/Bullet using Guid(72730ff0dc5444649adafd97bd35466b) Importer(815301076,1909f56bfc062723c751e8b465ee728b)  -> (artifact id: '47e079040c3b95754cc5b85c859af819') in 0.007578 seconds
  Import took 0.011406 seconds .

========================================================================
Received Import Request.
  Time since last request: 5.461670 seconds.
  path: Assets/Art/Bullet/Bullet.png
  artifactKey: Guid(2511d965e71053947a5eec20325597a4) Importer(815301076,1909f56bfc062723c751e8b465ee728b)
Start importing Assets/Art/Bullet/Bullet.png using Guid(2511d965e71053947a5eec20325597a4) Importer(815301076,1909f56bfc062723c751e8b465ee728b)  -> (artifact id: 'e9a9d63e0e4f8de538b5908ca9127a48') in 0.046074 seconds
  Import took 0.048868 seconds .

========================================================================
Received Import Request.
  Time since last request: 320.426034 seconds.
  path: Assets/Prefabs
  artifactKey: Guid(2effd170c9f509f4fb38492a128e81a1) Importer(815301076,1909f56bfc062723c751e8b465ee728b)
Start importing Assets/Prefabs using Guid(2effd170c9f509f4fb38492a128e81a1) Importer(815301076,1909f56bfc062723c751e8b465ee728b)  -> (artifact id: '0016592aaf1b405a44e0671dfef484e3') in 0.003125 seconds
  Import took 0.006970 seconds .

========================================================================
Received Import Request.
  Time since last request: 9.077030 seconds.
  path: Assets/Prefabs/Bullet.prefab
  artifactKey: Guid(948284f499ca5b04c823051ca5eb0568) Importer(815301076,1909f56bfc062723c751e8b465ee728b)
Start importing Assets/Prefabs/Bullet.prefab using Guid(948284f499ca5b04c823051ca5eb0568) Importer(815301076,1909f56bfc062723c751e8b465ee728b)  -> (artifact id: '0cb9709376fd882a420f972f0a0136db') in 0.080386 seconds
  Import took 0.083284 seconds .

========================================================================
Received Import Request.
  Time since last request: 160.137401 seconds.
  path: Assets/Ludiq/Bolt.Core/Generated/Variables/Resources/ApplicationVariables.asset
  artifactKey: Guid(e1f31371fcc211b448e8ac40f75b138d) Importer(815301076,1909f56bfc062723c751e8b465ee728b)
Start importing Assets/Ludiq/Bolt.Core/Generated/Variables/Resources/ApplicationVariables.asset using Guid(e1f31371fcc211b448e8ac40f75b138d) Importer(815301076,1909f56bfc062723c751e8b465ee728b)  -> (artifact id: '71ef15055676b1a76188b375a9c204e4') in 0.005803 seconds
  Import took 0.008682 seconds .

========================================================================
Received Import Request.
  Time since last request: 0.029039 seconds.
  path: Assets/Ludiq/Bolt.Flow/IconMap/Bolt.FlowMachine.png
  artifactKey: Guid(fe5b77214c748b64ba5033f2af1b4c34) Importer(815301076,1909f56bfc062723c751e8b465ee728b)
Start importing Assets/Ludiq/Bolt.Flow/IconMap/Bolt.FlowMachine.png using Guid(fe5b77214c748b64ba5033f2af1b4c34) Importer(815301076,1909f56bfc062723c751e8b465ee728b)  -> (artifact id: '7026558d57c31b2f501c880633a21a35') in 0.019914 seconds
  Import took 0.022733 seconds .

========================================================================
Received Import Request.
  Time since last request: 0.000214 seconds.
  path: Assets/Ludiq/Bolt.Core/IconMap/Bolt.SceneVariables.png
  artifactKey: Guid(85b733ff25d1eee479a6d510562bd0b2) Importer(815301076,1909f56bfc062723c751e8b465ee728b)
Start importing Assets/Ludiq/Bolt.Core/IconMap/Bolt.SceneVariables.png using Guid(85b733ff25d1eee479a6d510562bd0b2) Importer(815301076,1909f56bfc062723c751e8b465ee728b)  -> (artifact id: '5536e99c02e4854007249d1613c66b71') in 0.007610 seconds
  Import took 0.010611 seconds .

========================================================================
Received Import Request.
  Time since last request: 0.000563 seconds.
  path: Assets/Ludiq/Bolt.Core/IconMap/Bolt.GlobalMessageListener.png
  artifactKey: Guid(0129cf6bb23df2f41824eda97d16ee6e) Importer(815301076,1909f56bfc062723c751e8b465ee728b)
Start importing Assets/Ludiq/Bolt.Core/IconMap/Bolt.GlobalMessageListener.png using Guid(0129cf6bb23df2f41824eda97d16ee6e) Importer(815301076,1909f56bfc062723c751e8b465ee728b)  -> (artifact id: 'fb6bf4b609071483074ba3d1209fdefb') in 0.010203 seconds
  Import took 0.013073 seconds .

========================================================================
Received Import Request.
  Time since last request: 0.000385 seconds.
  path: Assets/Ludiq/Bolt.Flow/IconMap/Bolt.FlowMacro.png
  artifactKey: Guid(b33b72199830c924da117a3cf9f3b69e) Importer(815301076,1909f56bfc062723c751e8b465ee728b)
Start importing Assets/Ludiq/Bolt.Flow/IconMap/Bolt.FlowMacro.png using Guid(b33b72199830c924da117a3cf9f3b69e) Importer(815301076,1909f56bfc062723c751e8b465ee728b)  -> (artifact id: '78dd35cbd09fef40505868c819ca6c8b') in 0.012364 seconds
  Import took 0.016543 seconds .

========================================================================
Received Import Request.
  Time since last request: 0.113293 seconds.
  path: Assets/Macro/Player.asset
  artifactKey: Guid(cd5675b7a38396b4f87c3be677560479) Importer(815301076,1909f56bfc062723c751e8b465ee728b)
Start importing Assets/Macro/Player.asset using Guid(cd5675b7a38396b4f87c3be677560479) Importer(815301076,1909f56bfc062723c751e8b465ee728b)  -> (artifact id: 'ab081196508d96b193b2a89866df77ee') in 0.565692 seconds
  Import took 0.568675 seconds .

========================================================================
Received Import Request.
  Time since last request: 0.000324 seconds.
  path: Assets/Ludiq/Bolt.Core/Generated/Variables/Resources/SavedVariables.asset
  artifactKey: Guid(c267c9007bdd5c7489ba79cfe5c5fac5) Importer(815301076,1909f56bfc062723c751e8b465ee728b)
Start importing Assets/Ludiq/Bolt.Core/Generated/Variables/Resources/SavedVariables.asset using Guid(c267c9007bdd5c7489ba79cfe5c5fac5) Importer(815301076,1909f56bfc062723c751e8b465ee728b)  -> (artifact id: '88c3050bb0bfe19394a227d1f902c4fa') in 0.004010 seconds
  Import took 0.007881 seconds .

========================================================================
Received Import Request.
  Time since last request: 0.000268 seconds.
  path: Assets/Ludiq/Bolt.Flow/Generated/ProjectSettings.asset
  artifactKey: Guid(33063458aa62d044bbeffb53bec5e2ce) Importer(815301076,1909f56bfc062723c751e8b465ee728b)
Start importing Assets/Ludiq/Bolt.Flow/Generated/ProjectSettings.asset using Guid(33063458aa62d044bbeffb53bec5e2ce) Importer(815301076,1909f56bfc062723c751e8b465ee728b)  -> (artifact id: '1eff8156c849df813e329c9ec4c2b3fa') in 0.007563 seconds
  Import took 0.010518 seconds .

========================================================================
Received Import Request.
  Time since last request: 0.000340 seconds.
  path: Assets/Ludiq/Ludiq.Graphs/Generated/ProjectSettings.asset
  artifactKey: Guid(5736bbb13424a4c4fb439e7058e308bb) Importer(815301076,1909f56bfc062723c751e8b465ee728b)
Start importing Assets/Ludiq/Ludiq.Graphs/Generated/ProjectSettings.asset using Guid(5736bbb13424a4c4fb439e7058e308bb) Importer(815301076,1909f56bfc062723c751e8b465ee728b)  -> (artifact id: '1aa7f8dffa227157809a84245f60300e') in 0.004191 seconds
  Import took 0.007204 seconds .

========================================================================
Received Import Request.
  Time since last request: 0.000284 seconds.
  path: Assets/Ludiq/Bolt.Core/Generated/ProjectSettings.asset
  artifactKey: Guid(2d9af6e9fd29a854ab49a0090d92a568) Importer(815301076,1909f56bfc062723c751e8b465ee728b)
Start importing Assets/Ludiq/Bolt.Core/Generated/ProjectSettings.asset using Guid(2d9af6e9fd29a854ab49a0090d92a568) Importer(815301076,1909f56bfc062723c751e8b465ee728b)  -> (artifact id: '96c6cb6935c79152649c5ab7e425fc5e') in 0.003462 seconds
  Import took 0.006398 seconds .

========================================================================
Received Import Request.
  Time since last request: 0.000353 seconds.
  path: Assets/Ludiq/Ludiq.Core/Generated/ProjectSettings.asset
  artifactKey: Guid(ce09bedb4e966ca4c99450a82b8a44a6) Importer(815301076,1909f56bfc062723c751e8b465ee728b)
Start importing Assets/Ludiq/Ludiq.Core/Generated/ProjectSettings.asset using Guid(ce09bedb4e966ca4c99450a82b8a44a6) Importer(815301076,1909f56bfc062723c751e8b465ee728b)  -> (artifact id: 'f01882ec9c27b29d0f9972efaca92044') in 0.009791 seconds
  Import took 0.013300 seconds .

========================================================================
Received Import Request.
  Time since last request: 0.000281 seconds.
  path: Assets/Ludiq/Bolt.State/Generated/ProjectSettings.asset
  artifactKey: Guid(b0269cfbae757cc47bd8c9dba0d0fc45) Importer(815301076,1909f56bfc062723c751e8b465ee728b)
Start importing Assets/Ludiq/Bolt.State/Generated/ProjectSettings.asset using Guid(b0269cfbae757cc47bd8c9dba0d0fc45) Importer(815301076,1909f56bfc062723c751e8b465ee728b)  -> (artifact id: 'd57c24cd5c823fe8b925da8911308925') in 0.004142 seconds
  Import took 0.006878 seconds .

========================================================================
Received Import Request.
  Time since last request: 3.564438 seconds.
  path: Assets/Ludiq/Bolt.Core/IconMap/Bolt.UnityMessageListener.png
  artifactKey: Guid(310bebb331cf47f42b7f0b57b1f5bfcf) Importer(815301076,1909f56bfc062723c751e8b465ee728b)
Start importing Assets/Ludiq/Bolt.Core/IconMap/Bolt.UnityMessageListener.png using Guid(310bebb331cf47f42b7f0b57b1f5bfcf) Importer(815301076,1909f56bfc062723c751e8b465ee728b)  -> (artifact id: 'ad1b268050a35c24e65cb2b6da4e89a3') in 0.007237 seconds
  Import took 0.010111 seconds .

========================================================================
Received Import Request.
  Time since last request: 0.000273 seconds.
  path: Assets/Ludiq/Bolt.Core/IconMap/Bolt.Variables.png
  artifactKey: Guid(f4241d97facf9bf4881222c2789a4c14) Importer(815301076,1909f56bfc062723c751e8b465ee728b)
Start importing Assets/Ludiq/Bolt.Core/IconMap/Bolt.Variables.png using Guid(f4241d97facf9bf4881222c2789a4c14) Importer(815301076,1909f56bfc062723c751e8b465ee728b)  -> (artifact id: '3d898eb917ce194a85e7a12ea5310d69') in 0.008248 seconds
  Import took 0.031339 seconds .

========================================================================
Received Import Request.
  Time since last request: 0.000300 seconds.
  path: Assets/Ludiq/Bolt.State/IconMap/Bolt.StateMacro.png
  artifactKey: Guid(b28af3520c9f270429f383116bd0d368) Importer(815301076,1909f56bfc062723c751e8b465ee728b)
Start importing Assets/Ludiq/Bolt.State/IconMap/Bolt.StateMacro.png using Guid(b28af3520c9f270429f383116bd0d368) Importer(815301076,1909f56bfc062723c751e8b465ee728b)  -> (artifact id: '002e53849fc93180dd4e0361e4d83661') in 0.022976 seconds
  Import took 0.025746 seconds .

========================================================================
Received Import Request.
  Time since last request: 0.000280 seconds.
  path: Assets/Ludiq/Bolt.State/IconMap/Bolt.StateMachine.png
  artifactKey: Guid(78beaf4c6e26bf745b5bc7dfe5d007be) Importer(815301076,1909f56bfc062723c751e8b465ee728b)
Start importing Assets/Ludiq/Bolt.State/IconMap/Bolt.StateMachine.png using Guid(78beaf4c6e26bf745b5bc7dfe5d007be) Importer(815301076,1909f56bfc062723c751e8b465ee728b)  -> (artifact id: '23593302ed143d89b3e85503753ad991') in 0.009882 seconds
  Import took 0.012528 seconds .

========================================================================
Received Import Request.
  Time since last request: 0.000307 seconds.
  path: Assets/Ludiq/Bolt.Core/IconMap/Bolt.VariablesAsset.png
  artifactKey: Guid(7e1f811eb716b3844aad1127122172ed) Importer(815301076,1909f56bfc062723c751e8b465ee728b)
Start importing Assets/Ludiq/Bolt.Core/IconMap/Bolt.VariablesAsset.png using Guid(7e1f811eb716b3844aad1127122172ed) Importer(815301076,1909f56bfc062723c751e8b465ee728b)  -> (artifact id: 'a6907590f8e70ffb46e3f52a70d563bc') in 0.007902 seconds
  Import took 0.010743 seconds .

========================================================================
Received Import Request.
  Time since last request: 0.000238 seconds.
  path: Assets/Ludiq/Bolt.Core/IconMap/Bolt.VariablesSaver.png
  artifactKey: Guid(c49720c31a0991d48aa5d1fcf9d6d1a6) Importer(815301076,1909f56bfc062723c751e8b465ee728b)
Start importing Assets/Ludiq/Bolt.Core/IconMap/Bolt.VariablesSaver.png using Guid(c49720c31a0991d48aa5d1fcf9d6d1a6) Importer(815301076,1909f56bfc062723c751e8b465ee728b)  -> (artifact id: 'f001c22ade127949d4bab1a351dd1ed8') in 0.014568 seconds
  Import took 0.017565 seconds .

========================================================================
Received Prepare
Registering precompiled user dll's ...
Registered in 0.008679 seconds.
Begin MonoManager ReloadAssembly
Native extension for WindowsStandalone target not found
Refreshing native plugins compatible for Editor in 0.47 ms, found 2 plugins.
Preloading 0 native plugins for Editor in 0.00 ms.
Invoked RoslynAnalysisRunner static constructor.
RoslynAnalysisRunner will not be running.
RoslynAnalysisRunner has terminated.
Mono: successfully reloaded assembly
- Completed reload, in  1.040 seconds
Platform modules already initialized, skipping
Refreshing native plugins compatible for Editor in 0.44 ms, found 2 plugins.
Preloading 0 native plugins for Editor in 0.00 ms.
Unloading 1804 Unused Serialized files (Serialized files now loaded: 0)
System memory in use before: 91.8 MB.
System memory in use after: 91.8 MB.

Unloading 28 unused Assets to reduce memory usage. Loaded Objects now: 2354.
Total: 2.170900 ms (FindLiveObjects: 0.197600 ms CreateObjectMapping: 0.092700 ms MarkObjects: 1.779000 ms  DeleteObjects: 0.100400 ms)

========================================================================
Received Prepare
Registering precompiled user dll's ...
Registered in 0.012703 seconds.
Begin MonoManager ReloadAssembly
Native extension for WindowsStandalone target not found
Refreshing native plugins compatible for Editor in 0.44 ms, found 2 plugins.
Preloading 0 native plugins for Editor in 0.00 ms.
Invoked RoslynAnalysisRunner static constructor.
RoslynAnalysisRunner will not be running.
RoslynAnalysisRunner has terminated.
Mono: successfully reloaded assembly
- Completed reload, in  1.030 seconds
Platform modules already initialized, skipping
Refreshing native plugins compatible for Editor in 0.59 ms, found 2 plugins.
Preloading 0 native plugins for Editor in 0.00 ms.
Unloading 1804 Unused Serialized files (Serialized files now loaded: 0)
System memory in use before: 91.8 MB.
System memory in use after: 91.8 MB.

Unloading 28 unused Assets to reduce memory usage. Loaded Objects now: 2357.
Total: 2.176600 ms (FindLiveObjects: 0.277600 ms CreateObjectMapping: 0.093100 ms MarkObjects: 1.702900 ms  DeleteObjects: 0.101800 ms)

========================================================================
Received Import Request.
  Time since last request: 694.264067 seconds.
  path: Assets/Prefabs/Bullet.prefab
  artifactKey: Guid(948284f499ca5b04c823051ca5eb0568) Importer(815301076,1909f56bfc062723c751e8b465ee728b)
Start importing Assets/Prefabs/Bullet.prefab using Guid(948284f499ca5b04c823051ca5eb0568) Importer(815301076,1909f56bfc062723c751e8b465ee728b)  -> (artifact id: 'ac9a6096fb21a2f69e2f2c090562625f') in 0.230256 seconds
  Import took 0.233848 seconds .

========================================================================
Received Prepare
Registering precompiled user dll's ...
Registered in 0.008333 seconds.
Begin MonoManager ReloadAssembly
Native extension for WindowsStandalone target not found
Refreshing native plugins compatible for Editor in 0.44 ms, found 2 plugins.
Preloading 0 native plugins for Editor in 0.00 ms.
Invoked RoslynAnalysisRunner static constructor.
RoslynAnalysisRunner will not be running.
RoslynAnalysisRunner has terminated.
Mono: successfully reloaded assembly
- Completed reload, in  1.005 seconds
Platform modules already initialized, skipping
Refreshing native plugins compatible for Editor in 0.47 ms, found 2 plugins.
Preloading 0 native plugins for Editor in 0.00 ms.
Unloading 1804 Unused Serialized files (Serialized files now loaded: 0)
System memory in use before: 91.9 MB.
System memory in use after: 91.9 MB.

Unloading 28 unused Assets to reduce memory usage. Loaded Objects now: 2361.
Total: 2.225900 ms (FindLiveObjects: 0.252700 ms CreateObjectMapping: 0.108600 ms MarkObjects: 1.759600 ms  DeleteObjects: 0.103400 ms)

========================================================================
Received Prepare
Registering precompiled user dll's ...
Registered in 0.009568 seconds.
Begin MonoManager ReloadAssembly
Native extension for WindowsStandalone target not found
Refreshing native plugins compatible for Editor in 0.42 ms, found 2 plugins.
Preloading 0 native plugins for Editor in 0.00 ms.
Invoked RoslynAnalysisRunner static constructor.
RoslynAnalysisRunner will not be running.
RoslynAnalysisRunner has terminated.
Mono: successfully reloaded assembly
- Completed reload, in  1.179 seconds
Platform modules already initialized, skipping
Refreshing native plugins compatible for Editor in 0.42 ms, found 2 plugins.
Preloading 0 native plugins for Editor in 0.00 ms.
Unloading 1804 Unused Serialized files (Serialized files now loaded: 0)
System memory in use before: 92.0 MB.
System memory in use after: 92.0 MB.

Unloading 28 unused Assets to reduce memory usage. Loaded Objects now: 2364.
Total: 2.082800 ms (FindLiveObjects: 0.234400 ms CreateObjectMapping: 0.102600 ms MarkObjects: 1.639200 ms  DeleteObjects: 0.105100 ms)

========================================================================
Received Prepare
Registering precompiled user dll's ...
Registered in 0.008738 seconds.
Begin MonoManager ReloadAssembly
Native extension for WindowsStandalone target not found
Refreshing native plugins compatible for Editor in 0.44 ms, found 2 plugins.
Preloading 0 native plugins for Editor in 0.00 ms.
Invoked RoslynAnalysisRunner static constructor.
RoslynAnalysisRunner will not be running.
RoslynAnalysisRunner has terminated.
Mono: successfully reloaded assembly
- Completed reload, in  1.021 seconds
Platform modules already initialized, skipping
Refreshing native plugins compatible for Editor in 0.51 ms, found 2 plugins.
Preloading 0 native plugins for Editor in 0.00 ms.
Unloading 1804 Unused Serialized files (Serialized files now loaded: 0)
System memory in use before: 92.1 MB.
System memory in use after: 92.1 MB.

Unloading 28 unused Assets to reduce memory usage. Loaded Objects now: 2367.
Total: 2.337000 ms (FindLiveObjects: 0.186200 ms CreateObjectMapping: 0.071400 ms MarkObjects: 1.972100 ms  DeleteObjects: 0.106500 ms)

========================================================================
Received Prepare
Registering precompiled user dll's ...
Registered in 0.008981 seconds.
Begin MonoManager ReloadAssembly
Native extension for WindowsStandalone target not found
Refreshing native plugins compatible for Editor in 0.46 ms, found 2 plugins.
Preloading 0 native plugins for Editor in 0.00 ms.
Invoked RoslynAnalysisRunner static constructor.
RoslynAnalysisRunner will not be running.
RoslynAnalysisRunner has terminated.
Mono: successfully reloaded assembly
- Completed reload, in  1.029 seconds
Platform modules already initialized, skipping
Refreshing native plugins compatible for Editor in 0.43 ms, found 2 plugins.
Preloading 0 native plugins for Editor in 0.00 ms.
Unloading 1804 Unused Serialized files (Serialized files now loaded: 0)
System memory in use before: 92.1 MB.
System memory in use after: 92.1 MB.

Unloading 28 unused Assets to reduce memory usage. Loaded Objects now: 2370.
Total: 2.257200 ms (FindLiveObjects: 0.370000 ms CreateObjectMapping: 0.101000 ms MarkObjects: 1.680600 ms  DeleteObjects: 0.104100 ms)

========================================================================
Received Prepare
Registering precompiled user dll's ...
Registered in 0.008087 seconds.
Begin MonoManager ReloadAssembly
Native extension for WindowsStandalone target not found
Refreshing native plugins compatible for Editor in 0.45 ms, found 2 plugins.
Preloading 0 native plugins for Editor in 0.00 ms.
Invoked RoslynAnalysisRunner static constructor.
RoslynAnalysisRunner will not be running.
RoslynAnalysisRunner has terminated.
Mono: successfully reloaded assembly
- Completed reload, in  1.020 seconds
Platform modules already initialized, skipping
Refreshing native plugins compatible for Editor in 0.42 ms, found 2 plugins.
Preloading 0 native plugins for Editor in 0.00 ms.
Unloading 1804 Unused Serialized files (Serialized files now loaded: 0)
System memory in use before: 92.2 MB.
System memory in use after: 92.2 MB.

Unloading 28 unused Assets to reduce memory usage. Loaded Objects now: 2373.
Total: 2.085600 ms (FindLiveObjects: 0.204900 ms CreateObjectMapping: 0.088900 ms MarkObjects: 1.688600 ms  DeleteObjects: 0.101800 ms)

========================================================================
Received Import Request.
  Time since last request: 254.434697 seconds.
  path: Assets/Prefabs/Bullet.prefab
  artifactKey: Guid(948284f499ca5b04c823051ca5eb0568) Importer(815301076,1909f56bfc062723c751e8b465ee728b)
Start importing Assets/Prefabs/Bullet.prefab using Guid(948284f499ca5b04c823051ca5eb0568) Importer(815301076,1909f56bfc062723c751e8b465ee728b)  -> (artifact id: '1a0daa86929c42c916459802f4c13466') in 0.230742 seconds
  Import took 0.233905 seconds .

========================================================================
Received Prepare
Registering precompiled user dll's ...
Registered in 0.014991 seconds.
Begin MonoManager ReloadAssembly
Native extension for WindowsStandalone target not found
Refreshing native plugins compatible for Editor in 0.44 ms, found 2 plugins.
Preloading 0 native plugins for Editor in 0.00 ms.
Invoked RoslynAnalysisRunner static constructor.
RoslynAnalysisRunner will not be running.
RoslynAnalysisRunner has terminated.
Mono: successfully reloaded assembly
- Completed reload, in  1.092 seconds
Platform modules already initialized, skipping
Refreshing native plugins compatible for Editor in 0.42 ms, found 2 plugins.
Preloading 0 native plugins for Editor in 0.00 ms.
Unloading 1804 Unused Serialized files (Serialized files now loaded: 0)
System memory in use before: 92.3 MB.
System memory in use after: 92.3 MB.

Unloading 28 unused Assets to reduce memory usage. Loaded Objects now: 2377.
Total: 2.519100 ms (FindLiveObjects: 0.402600 ms CreateObjectMapping: 0.121000 ms MarkObjects: 1.885100 ms  DeleteObjects: 0.109100 ms)

========================================================================
Received Prepare
Registering precompiled user dll's ...
Registered in 0.009425 seconds.
Begin MonoManager ReloadAssembly
Native extension for WindowsStandalone target not found
Refreshing native plugins compatible for Editor in 0.45 ms, found 2 plugins.
Preloading 0 native plugins for Editor in 0.00 ms.
Invoked RoslynAnalysisRunner static constructor.
RoslynAnalysisRunner will not be running.
RoslynAnalysisRunner has terminated.
Mono: successfully reloaded assembly
- Completed reload, in  1.020 seconds
Platform modules already initialized, skipping
Refreshing native plugins compatible for Editor in 0.43 ms, found 2 plugins.
Preloading 0 native plugins for Editor in 0.00 ms.
Unloading 1804 Unused Serialized files (Serialized files now loaded: 0)
System memory in use before: 92.3 MB.
System memory in use after: 92.3 MB.

Unloading 28 unused Assets to reduce memory usage. Loaded Objects now: 2380.
Total: 2.149500 ms (FindLiveObjects: 0.244500 ms CreateObjectMapping: 0.101000 ms MarkObjects: 1.702500 ms  DeleteObjects: 0.099800 ms)

========================================================================
Received Import Request.
  Time since last request: 694.191036 seconds.
  path: Assets/Prefabs/Bullet.prefab
  artifactKey: Guid(948284f499ca5b04c823051ca5eb0568) Importer(815301076,1909f56bfc062723c751e8b465ee728b)
Start importing Assets/Prefabs/Bullet.prefab using Guid(948284f499ca5b04c823051ca5eb0568) Importer(815301076,1909f56bfc062723c751e8b465ee728b)  -> (artifact id: 'd4a77483e714b8eaceaef6ae82b035e6') in 0.550878 seconds
  Import took 0.554623 seconds .

========================================================================
Received Prepare
Registering precompiled user dll's ...
Registered in 0.008076 seconds.
Begin MonoManager ReloadAssembly
Native extension for WindowsStandalone target not found
Refreshing native plugins compatible for Editor in 0.45 ms, found 2 plugins.
Preloading 0 native plugins for Editor in 0.00 ms.
Invoked RoslynAnalysisRunner static constructor.
RoslynAnalysisRunner will not be running.
RoslynAnalysisRunner has terminated.
Mono: successfully reloaded assembly
- Completed reload, in  1.063 seconds
Platform modules already initialized, skipping
Refreshing native plugins compatible for Editor in 0.43 ms, found 2 plugins.
Preloading 0 native plugins for Editor in 0.00 ms.
Unloading 1804 Unused Serialized files (Serialized files now loaded: 0)
System memory in use before: 92.4 MB.
System memory in use after: 92.4 MB.

Unloading 28 unused Assets to reduce memory usage. Loaded Objects now: 2384.
Total: 2.521700 ms (FindLiveObjects: 0.276400 ms CreateObjectMapping: 0.136100 ms MarkObjects: 1.914300 ms  DeleteObjects: 0.193200 ms)

========================================================================
Received Prepare
Registering precompiled user dll's ...
Registered in 0.010420 seconds.
Begin MonoManager ReloadAssembly
Native extension for WindowsStandalone target not found
Refreshing native plugins compatible for Editor in 0.43 ms, found 2 plugins.
Preloading 0 native plugins for Editor in 0.00 ms.
Invoked RoslynAnalysisRunner static constructor.
RoslynAnalysisRunner will not be running.
RoslynAnalysisRunner has terminated.
Mono: successfully reloaded assembly
- Completed reload, in  0.994 seconds
Platform modules already initialized, skipping
Refreshing native plugins compatible for Editor in 0.45 ms, found 2 plugins.
Preloading 0 native plugins for Editor in 0.00 ms.
Unloading 1804 Unused Serialized files (Serialized files now loaded: 0)
System memory in use before: 92.5 MB.
System memory in use after: 92.5 MB.

Unloading 28 unused Assets to reduce memory usage. Loaded Objects now: 2387.
Total: 2.564200 ms (FindLiveObjects: 0.329500 ms CreateObjectMapping: 0.147300 ms MarkObjects: 1.979100 ms  DeleteObjects: 0.106900 ms)

AssetImportWorkerClient::OnTransportError - code=2 error=End of file
